  Power_Orb.cpp
C:\Users\admun\Desktop\NetGameProgramming\NetGamePrograming10Team\NGP_10Team_Cilent\Power_Orb.cpp(63,17): warning C4244: '-=': 'double'에서 'float'(으)로 변환하면서 데이터가 손실될 수 있습니다.
C:\Users\admun\Desktop\NetGameProgramming\NetGamePrograming10Team\NGP_10Team_Cilent\Power_Orb.cpp(123,52): warning C4244: '=': 'double'에서 'float'(으)로 변환하면서 데이터가 손실될 수 있습니다.
C:\Users\admun\Desktop\NetGameProgramming\NetGamePrograming10Team\NGP_10Team_Cilent\Power_Orb.cpp(124,52): warning C4244: '=': 'double'에서 'float'(으)로 변환하면서 데이터가 손실될 수 있습니다.
C:\Users\admun\Desktop\NetGameProgramming\NetGamePrograming10Team\NGP_10Team_Cilent\Power_Orb.cpp(125,39): warning C4244: '=': 'double'에서 'float'(으)로 변환하면서 데이터가 손실될 수 있습니다.
C:\Users\admun\Desktop\NetGameProgramming\NetGamePrograming10Team\NGP_10Team_Cilent\Power_Orb.cpp(126,39): warning C4244: '=': 'double'에서 'float'(으)로 변환하면서 데이터가 손실될 수 있습니다.
C:\Users\admun\Desktop\NetGameProgramming\NetGamePrograming10Team\NGP_10Team_Cilent\Power_Orb.cpp(253,99): warning C4244: '인수': 'double'에서 'float'(으)로 변환하면서 데이터가 손실될 수 있습니다.
C:\Users\admun\Desktop\NetGameProgramming\NetGamePrograming10Team\NGP_10Team_Cilent\Power_Orb.cpp(256,84): warning C4244: '인수': 'double'에서 'float'(으)로 변환하면서 데이터가 손실될 수 있습니다.
C:\Users\admun\Desktop\NetGameProgramming\NetGamePrograming10Team\NGP_10Team_Cilent\Power_Orb.cpp(262,41): warning C4806: '==': 안전하지 않은 연산입니다. 'bool' 형식의 값('int' 형식으로 확장)이 주어진 상수와 같을 수 없습니다.
C:\Users\admun\Desktop\NetGameProgramming\NetGamePrograming10Team\NGP_10Team_Cilent\Power_Orb.cpp(262,55): warning C4244: '=': 'double'에서 'int'(으)로 변환하면서 데이터가 손실될 수 있습니다.
C:\Users\admun\Desktop\NetGameProgramming\NetGamePrograming10Team\NGP_10Team_Cilent\Power_Orb.cpp(263,19): warning C4244: '=': 'double'에서 'int'(으)로 변환하면서 데이터가 손실될 수 있습니다.
C:\Users\admun\Desktop\NetGameProgramming\NetGamePrograming10Team\NGP_10Team_Cilent\Power_Orb.cpp(279,22): warning C4244: '=': 'float'에서 'int'(으)로 변환하면서 데이터가 손실될 수 있습니다.
C:\Users\admun\Desktop\NetGameProgramming\NetGamePrograming10Team\NGP_10Team_Cilent\Power_Orb.cpp(280,26): warning C4244: '=': 'float'에서 'int'(으)로 변환하면서 데이터가 손실될 수 있습니다.
C:\Users\admun\Desktop\NetGameProgramming\NetGamePrograming10Team\NGP_10Team_Cilent\Power_Orb.cpp(284,57): warning C4244: '인수': 'int'에서 'float'(으)로 변환하면서 데이터가 손실될 수 있습니다.
C:\Users\admun\Desktop\NetGameProgramming\NetGamePrograming10Team\NGP_10Team_Cilent\Power_Orb.cpp(291,32): warning C4244: '+=': 'double'에서 'float'(으)로 변환하면서 데이터가 손실될 수 있습니다.
C:\Users\admun\Desktop\NetGameProgramming\NetGamePrograming10Team\NGP_10Team_Cilent\Power_Orb.cpp(283,4): warning C4065: switch문에 'default'가 있으나 'case' 레이블이 없습니다.
C:\Users\admun\Desktop\NetGameProgramming\NetGamePrograming10Team\NGP_10Team_Cilent\Power_Orb.cpp(322,51): warning C4305: '+=': 'double'에서 'float'(으)로 잘립니다.
C:\Users\admun\Desktop\NetGameProgramming\NetGamePrograming10Team\NGP_10Team_Cilent\Power_Orb.cpp(323,56): warning C4305: '-=': 'double'에서 'float'(으)로 잘립니다.
C:\Users\admun\Desktop\NetGameProgramming\NetGamePrograming10Team\NGP_10Team_Cilent\Power_Orb.cpp(333,86): warning C4244: '인수': 'double'에서 'float'(으)로 변환하면서 데이터가 손실될 수 있습니다.
C:\Users\admun\Desktop\NetGameProgramming\NetGamePrograming10Team\NGP_10Team_Cilent\Power_Orb.cpp(334,46): warning C4244: '인수': 'double'에서 'float'(으)로 변환하면서 데이터가 손실될 수 있습니다.
C:\Users\admun\Desktop\NetGameProgramming\NetGamePrograming10Team\NGP_10Team_Cilent\Power_Orb.cpp(377,127): warning C4244: '-=': 'double'에서 'float'(으)로 변환하면서 데이터가 손실될 수 있습니다.
C:\Users\admun\Desktop\NetGameProgramming\NetGamePrograming10Team\NGP_10Team_Cilent\Power_Orb.cpp(380,85): warning C4244: '인수': 'double'에서 'float'(으)로 변환하면서 데이터가 손실될 수 있습니다.
C:\Users\admun\Desktop\NetGameProgramming\NetGamePrograming10Team\NGP_10Team_Cilent\Power_Orb.cpp(381,84): warning C4244: '인수': 'double'에서 'float'(으)로 변환하면서 데이터가 손실될 수 있습니다.
C:\Users\admun\Desktop\NetGameProgramming\NetGamePrograming10Team\NGP_10Team_Cilent\Power_Orb.cpp(440,42): warning C4244: '=': 'double'에서 'float'(으)로 변환하면서 데이터가 손실될 수 있습니다.
C:\Users\admun\Desktop\NetGameProgramming\NetGamePrograming10Team\NGP_10Team_Cilent\Power_Orb.cpp(165): warning C4715: 'OrbMajorCheck': 모든 제어 경로에서 값을 반환하지는 않습니다.
  WinPle_Project_New.vcxproj -> C:\Users\admun\Desktop\NetGameProgramming\NetGamePrograming10Team\NGP_10Team_Cilent\x64\Debug\NGP_10Team_Cilent.exe
